<?xml version="1.0" encoding="UTF-8"?>
<!-- Generated by org.testng.reporters.JUnitXMLReporter -->
<testsuite ignored="0" hostname="Anand" failures="0" tests="6" name="Test" time="9.487" errors="0" timestamp="2024-11-24T14:15:10 IST">
  <testcase classname="testCase.FitPeoCase" name="testRevenueCalcLink" time="0.153"/>
  <testcase classname="testCase.FitPeoCase" name="slideRavenueCalc" time="1.735"/>
  <testcase classname="testCase.FitPeoCase" name="testAdjustSlider" time="0.891"/>
  <testcase classname="testCase.FitPeoCase" name="testUpdatedPatients" time="0.803"/>
  <testcase classname="testCase.FitPeoCase" name="testCheckbox" time="1.23"/>
  <testcase classname="testCase.FitPeoCase" name="testTotalReimbursement" time="0.07"/>
</testsuite> <!-- Test -->
