<?xml version="1.0" encoding="UTF-8"?>
<testng-results ignored="0" total="6" passed="6" failed="0" skipped="0">
  <reporter-output>
  </reporter-output>
  <suite started-at="2024-11-24T14:34:55 IST" name="Suite" finished-at="2024-11-24T14:35:03 IST" duration-ms="8921">
    <groups>
    </groups>
    <test started-at="2024-11-24T14:34:55 IST" name="Test" finished-at="2024-11-24T14:35:03 IST" duration-ms="8921">
      <class name="testCase.FitPeoCase">
        <test-method is-config="true" signature="initializeBrowser(java.lang.String)[pri:0, instance:testCase.FitPeoCase@229f66ed]" started-at="2024-11-24T14:34:55 IST" name="initializeBrowser" finished-at="2024-11-24T14:34:59 IST" duration-ms="4469" status="PASS">
          <params>
            <param index="0">
              <value>
                <![CDATA[Chrome]]>
              </value>
            </param>
          </params>
          <reporter-output>
          </reporter-output>
        </test-method> <!-- initializeBrowser -->
        <test-method signature="testRevenueCalcLink()[pri:1, instance:testCase.FitPeoCase@229f66ed]" started-at="2024-11-24T14:34:59 IST" name="testRevenueCalcLink" finished-at="2024-11-24T14:34:59 IST" duration-ms="187" status="PASS">
          <reporter-output>
          </reporter-output>
        </test-method> <!-- testRevenueCalcLink -->
        <test-method signature="slideRavenueCalc()[pri:2, instance:testCase.FitPeoCase@229f66ed]" started-at="2024-11-24T14:34:59 IST" name="slideRavenueCalc" finished-at="2024-11-24T14:35:00 IST" duration-ms="1272" status="PASS">
          <reporter-output>
          </reporter-output>
        </test-method> <!-- slideRavenueCalc -->
        <test-method signature="testAdjustSlider()[pri:3, instance:testCase.FitPeoCase@229f66ed]" started-at="2024-11-24T14:35:01 IST" name="testAdjustSlider" finished-at="2024-11-24T14:35:01 IST" duration-ms="525" status="PASS">
          <reporter-output>
          </reporter-output>
        </test-method> <!-- testAdjustSlider -->
        <test-method signature="testUpdatedPatients()[pri:4, instance:testCase.FitPeoCase@229f66ed]" started-at="2024-11-24T14:35:01 IST" name="testUpdatedPatients" finished-at="2024-11-24T14:35:02 IST" duration-ms="839" status="PASS">
          <reporter-output>
          </reporter-output>
        </test-method> <!-- testUpdatedPatients -->
        <test-method signature="testCheckbox()[pri:5, instance:testCase.FitPeoCase@229f66ed]" started-at="2024-11-24T14:35:02 IST" name="testCheckbox" finished-at="2024-11-24T14:35:03 IST" duration-ms="1210" status="PASS">
          <reporter-output>
          </reporter-output>
        </test-method> <!-- testCheckbox -->
        <test-method signature="testTotalReimbursement()[pri:6, instance:testCase.FitPeoCase@229f66ed]" started-at="2024-11-24T14:35:03 IST" name="testTotalReimbursement" finished-at="2024-11-24T14:35:03 IST" duration-ms="72" status="PASS">
          <reporter-output>
          </reporter-output>
        </test-method> <!-- testTotalReimbursement -->
        <test-method is-config="true" signature="closeBrowser()[pri:0, instance:testCase.FitPeoCase@229f66ed]" started-at="2024-11-24T14:35:03 IST" name="closeBrowser" finished-at="2024-11-24T14:35:03 IST" duration-ms="277" status="PASS">
          <reporter-output>
          </reporter-output>
        </test-method> <!-- closeBrowser -->
      </class> <!-- testCase.FitPeoCase -->
    </test> <!-- Test -->
  </suite> <!-- Suite -->
</testng-results>
